Library/Bee/Android/Prj/Mono2x/Gradle/launcher/build/intermediates/manifest_merge_blame_file/debug/manifest-merger-blame-debug-report.txt
1<?xml version="1.0" encoding="utf-8"?>
2<manifest xmlns:android="http://schemas.android.com/apk/res/android"
3    package="com.DefaultCompany.Myproject"
4    android:installLocation="preferExternal"
5    android:versionCode="1"
6    android:versionName="1.0.2" >
7
8    <uses-sdk
9        android:minSdkVersion="23"
9-->src\main\AndroidManifest.xml
10        android:targetSdkVersion="30" />
10-->src\main\AndroidManifest.xml
11
12    <supports-screens
12-->src\main\AndroidManifest.xml:3:3-163
13        android:anyDensity="true"
13-->src\main\AndroidManifest.xml:3:135-160
14        android:largeScreens="true"
14-->src\main\AndroidManifest.xml:3:78-105
15        android:normalScreens="true"
15-->src\main\AndroidManifest.xml:3:49-77
16        android:smallScreens="true"
16-->src\main\AndroidManifest.xml:3:21-48
17        android:xlargeScreens="true" />
17-->src\main\AndroidManifest.xml:3:106-134
18
19    <uses-feature android:glEsVersion="0x00030000" />
19-->[:unityLibrary] AndroidManifest.xml:12:5-54
19-->[:unityLibrary] AndroidManifest.xml:12:19-51
20    <uses-feature
20-->[:unityLibrary] AndroidManifest.xml:13:5-15:36
21        android:name="android.hardware.vulkan.version"
21-->[:unityLibrary] AndroidManifest.xml:14:9-55
22        android:required="false" />
22-->[:unityLibrary] AndroidManifest.xml:15:9-33
23
24    <uses-permission android:name="android.permission.INTERNET" />
24-->[:unityLibrary] AndroidManifest.xml:17:5-67
24-->[:unityLibrary] AndroidManifest.xml:17:22-64
25    <uses-permission android:name="android.permission.ACCESS_NETWORK_STATE" />
25-->[:unityLibrary] AndroidManifest.xml:18:5-79
25-->[:unityLibrary] AndroidManifest.xml:18:22-76
26    <uses-permission android:name="android.permission.CAMERA" />
26-->[:unityLibrary] AndroidManifest.xml:19:5-65
26-->[:unityLibrary] AndroidManifest.xml:19:22-62
27
28    <uses-feature
28-->[:unityLibrary] AndroidManifest.xml:21:5-23:36
29        android:name="android.hardware.camera"
29-->[:unityLibrary] AndroidManifest.xml:22:9-47
30        android:required="true" />
30-->[:unityLibrary] AndroidManifest.xml:23:9-33
31    <uses-feature
31-->[:unityLibrary] AndroidManifest.xml:24:5-26:36
32        android:name="android.hardware.camera.autofocus"
32-->[:unityLibrary] AndroidManifest.xml:25:9-57
33        android:required="false" />
33-->[:unityLibrary] AndroidManifest.xml:26:9-33
34    <uses-feature
34-->[:unityLibrary] AndroidManifest.xml:27:5-29:36
35        android:name="android.hardware.camera.front"
35-->[:unityLibrary] AndroidManifest.xml:28:9-53
36        android:required="false" />
36-->[:unityLibrary] AndroidManifest.xml:29:9-33
37    <uses-feature
37-->[:unityLibrary] AndroidManifest.xml:30:5-32:36
38        android:name="android.hardware.touchscreen"
38-->[:unityLibrary] AndroidManifest.xml:31:9-52
39        android:required="false" />
39-->[:unityLibrary] AndroidManifest.xml:32:9-33
40    <uses-feature
40-->[:unityLibrary] AndroidManifest.xml:33:5-35:36
41        android:name="android.hardware.touchscreen.multitouch"
41-->[:unityLibrary] AndroidManifest.xml:34:9-63
42        android:required="false" />
42-->[:unityLibrary] AndroidManifest.xml:35:9-33
43    <uses-feature
43-->[:unityLibrary] AndroidManifest.xml:36:5-38:36
44        android:name="android.hardware.touchscreen.multitouch.distinct"
44-->[:unityLibrary] AndroidManifest.xml:37:9-72
45        android:required="false" />
45-->[:unityLibrary] AndroidManifest.xml:38:9-33
46    <!--
47        Required by Vuforia: Add this permission to access IMU sensors at high rate
48        for device tracker functionality on Android 12+.
49    -->
50    <uses-permission android:name="android.permission.HIGH_SAMPLING_RATE_SENSORS" />
50-->[:VuforiaEngine:] AndroidManifest.xml:16:5-85
50-->[:VuforiaEngine:] AndroidManifest.xml:16:22-82
51
52    <application
52-->src\main\AndroidManifest.xml:4:3-83
53        android:debuggable="true"
54        android:extractNativeLibs="true"
54-->[:unityLibrary] AndroidManifest.xml:40:18-50
55        android:icon="@mipmap/app_icon"
55-->src\main\AndroidManifest.xml:4:49-80
56        android:label="@string/app_name" >
56-->src\main\AndroidManifest.xml:4:16-48
57        <activity
57-->[:unityLibrary] AndroidManifest.xml:41:9-61:20
58            android:name="com.unity3d.player.UnityPlayerActivity"
58-->[:unityLibrary] AndroidManifest.xml:42:13-66
59            android:configChanges="mcc|mnc|locale|touchscreen|keyboard|keyboardHidden|navigation|orientation|screenLayout|uiMode|screenSize|smallestScreenSize|fontScale|layoutDirection|density"
59-->[:unityLibrary] AndroidManifest.xml:43:13-194
60            android:hardwareAccelerated="false"
60-->[:unityLibrary] AndroidManifest.xml:44:13-48
61            android:launchMode="singleTask"
61-->[:unityLibrary] AndroidManifest.xml:45:13-44
62            android:resizeableActivity="false"
62-->[:unityLibrary] AndroidManifest.xml:46:13-47
63            android:screenOrientation="fullUser"
63-->[:unityLibrary] AndroidManifest.xml:47:13-49
64            android:theme="@style/UnityThemeSelector" >
64-->[:unityLibrary] AndroidManifest.xml:48:13-54
65            <intent-filter>
65-->[:unityLibrary] AndroidManifest.xml:49:13-53:29
66                <action android:name="android.intent.action.MAIN" />
66-->[:unityLibrary] AndroidManifest.xml:50:17-69
66-->[:unityLibrary] AndroidManifest.xml:50:25-66
67
68                <category android:name="android.intent.category.LAUNCHER" />
68-->[:unityLibrary] AndroidManifest.xml:52:17-77
68-->[:unityLibrary] AndroidManifest.xml:52:27-74
69            </intent-filter>
70
71            <meta-data
71-->[:unityLibrary] AndroidManifest.xml:55:13-57:40
72                android:name="unityplayer.UnityActivity"
72-->[:unityLibrary] AndroidManifest.xml:56:17-57
73                android:value="true" />
73-->[:unityLibrary] AndroidManifest.xml:57:17-37
74            <meta-data
74-->[:unityLibrary] AndroidManifest.xml:58:13-60:40
75                android:name="android.notch_support"
75-->[:unityLibrary] AndroidManifest.xml:59:17-53
76                android:value="true" />
76-->[:unityLibrary] AndroidManifest.xml:60:17-37
77        </activity>
78
79        <meta-data
79-->[:unityLibrary] AndroidManifest.xml:63:9-65:33
80            android:name="unity.splash-mode"
80-->[:unityLibrary] AndroidManifest.xml:64:13-45
81            android:value="0" />
81-->[:unityLibrary] AndroidManifest.xml:65:13-30
82        <meta-data
82-->[:unityLibrary] AndroidManifest.xml:66:9-68:36
83            android:name="unity.splash-enable"
83-->[:unityLibrary] AndroidManifest.xml:67:13-47
84            android:value="True" />
84-->[:unityLibrary] AndroidManifest.xml:68:13-33
85        <meta-data
85-->[:unityLibrary] AndroidManifest.xml:69:9-71:36
86            android:name="unity.launch-fullscreen"
86-->[:unityLibrary] AndroidManifest.xml:70:13-51
87            android:value="True" />
87-->[:unityLibrary] AndroidManifest.xml:71:13-33
88        <meta-data
88-->[:unityLibrary] AndroidManifest.xml:72:9-74:37
89            android:name="unity.allow-resizable-window"
89-->[:unityLibrary] AndroidManifest.xml:73:13-56
90            android:value="False" />
90-->[:unityLibrary] AndroidManifest.xml:74:13-34
91        <meta-data
91-->[:unityLibrary] AndroidManifest.xml:75:9-77:50
92            android:name="notch.config"
92-->[:unityLibrary] AndroidManifest.xml:76:13-40
93            android:value="portrait|landscape" />
93-->[:unityLibrary] AndroidManifest.xml:77:13-47
94
95        <receiver
95-->[:unityLibrary] AndroidManifest.xml:79:9-81:40
96            android:name="com.unity.androidnotifications.UnityNotificationManager"
96-->[:unityLibrary] AndroidManifest.xml:80:13-83
97            android:exported="false" />
97-->[:unityLibrary] AndroidManifest.xml:81:13-37
98        <receiver
98-->[:unityLibrary] AndroidManifest.xml:82:9-89:20
99            android:name="com.unity.androidnotifications.UnityNotificationRestartOnBootReceiver"
99-->[:unityLibrary] AndroidManifest.xml:83:13-97
100            android:enabled="false"
100-->[:unityLibrary] AndroidManifest.xml:84:13-36
101            android:exported="false" >
101-->[:unityLibrary] AndroidManifest.xml:85:13-37
102            <intent-filter>
102-->[:unityLibrary] AndroidManifest.xml:86:13-88:29
103                <action android:name="android.intent.action.BOOT_COMPLETED" />
103-->[:unityLibrary] AndroidManifest.xml:87:17-79
103-->[:unityLibrary] AndroidManifest.xml:87:25-76
104            </intent-filter>
105        </receiver>
106
107        <provider
107-->[:VuforiaEngine:] AndroidManifest.xml:25:9-33:20
108            android:name="com.vuforia.engine.app.VuforiaContentProvider"
108-->[:VuforiaEngine:] AndroidManifest.xml:26:13-73
109            android:authorities="com.DefaultCompany.Myproject.vuforia.share"
109-->[:VuforiaEngine:] AndroidManifest.xml:27:13-65
110            android:exported="false"
110-->[:VuforiaEngine:] AndroidManifest.xml:28:13-37
111            android:grantUriPermissions="true" >
111-->[:VuforiaEngine:] AndroidManifest.xml:29:13-47
112            <meta-data
112-->[:VuforiaEngine:] AndroidManifest.xml:30:13-32:53
113                android:name="android.support.FILE_PROVIDER_PATHS"
113-->[:VuforiaEngine:] AndroidManifest.xml:31:17-67
114                android:resource="@xml/filepaths" />
114-->[:VuforiaEngine:] AndroidManifest.xml:32:17-50
115        </provider>
116    </application>
117
118</manifest>